<?xml version="1.0" encoding="UTF-8" ?>
<testsuite tests="9" failures="0" name="org.patriques.TimeSeriesTest" time="0.019" errors="0" skipped="0">
  <properties>
[...]
</properties>
  <testcase classname="org.patriques.TimeSeriesTest" name="monthlyAdjusted" time="0"/>
  <testcase classname="org.patriques.TimeSeriesTest" name="changeOfAPI" time="0"/>
  <testcase classname="org.patriques.TimeSeriesTest" name="nonExistingSymbol" time="0"/>
  <testcase classname="org.patriques.TimeSeriesTest" name="weekly" time="0.003"/>
  <testcase classname="org.patriques.TimeSeriesTest" name="daily" time="0.003"/>
  <testcase classname="org.patriques.TimeSeriesTest" name="dailyAdjusted" time="0.004"/>
  <testcase classname="org.patriques.TimeSeriesTest" name="intraDay" time="0.003"/>
  <testcase classname="org.patriques.TimeSeriesTest" name="weeklyAdjusted" time="0.003"/>
  <testcase classname="org.patriques.TimeSeriesTest" name="monthly" time="0.003"/>
</testsuite>